TN:
SF:/Users/shaunw/repos/tdd-server/src/db.js
FN:7,(anonymous_6)
FN:7,_callee
FN:7,getUserByUsername
FNF:3
FNH:3
FNDA:1,(anonymous_6)
FNDA:10,_callee
FNDA:2,getUserByUsername
DA:1,1
DA:3,1
DA:7,30
DA:8,2
DA:15,2
DA:17,2
DA:19,2
DA:24,1
LF:8
LH:8
BRDA:4,0,0,1
BRDA:4,0,1,0
BRDA:7,1,0,2
BRDA:7,1,1,2
BRDA:7,1,2,2
BRDA:7,1,3,0
BRDA:7,1,4,2
BRF:7
BRH:5
end_of_record
TN:
SF:/Users/shaunw/repos/tdd-server/src/server.js
FN:6,(anonymous_7)
FN:6,_callee
FNF:2
FNH:2
FNDA:3,(anonymous_7)
FNDA:6,_callee
DA:1,1
DA:2,1
DA:4,1
DA:6,23
DA:7,2
DA:9,1
DA:10,1
DA:11,1
DA:13,0
DA:16,1
LF:10
LH:9
BRDA:6,0,0,2
BRDA:6,0,1,1
BRDA:6,0,2,1
BRDA:6,0,3,2
BRDA:6,0,4,2
BRDA:10,1,0,1
BRDA:10,1,1,0
BRF:7
BRH:6
end_of_record
